<?xml version="1.0" encoding="UTF-8"?>
<testsuite xmlns:xsi="http://www.w3.org/2001/XMLSchema-instance" xsi:noNamespaceSchemaLocation="https://maven.apache.org/surefire/maven-surefire-plugin/xsd/surefire-test-report-3.0.xsd" version="3.0" name="dev.jev.client.JevClientTest" time="0.165" tests="11" errors="0" skipped="0" failures="0">
  <properties>
[...]
</properties>
  <testcase name="response_parses_noul_answer" classname="dev.jev.client.JevClientTest" time="0.081"/>
  <testcase name="builder_accepts_valid_key" classname="dev.jev.client.JevClientTest" time="0.065"/>
  <testcase name="response_parses_choice_answer" classname="dev.jev.client.JevClientTest" time="0.005"/>
  <testcase name="valid_request_builds_without_error" classname="dev.jev.client.JevClientTest" time="0.004"/>
  <testcase name="builder_rejects_blank_api_key" classname="dev.jev.client.JevClientTest" time="0.001"/>
  <testcase name="response_handles_unknown_answer_type_gracefully" classname="dev.jev.client.JevClientTest" time="0.001"/>
  <testcase name="request_rejects_empty_questions" classname="dev.jev.client.JevClientTest" time="0.0"/>
  <testcase name="request_rejects_score_with_fewer_than_two_levels" classname="dev.jev.client.JevClientTest" time="0.001"/>
  <testcase name="request_rejects_choice_with_fewer_than_two_options" classname="dev.jev.client.JevClientTest" time="0.001"/>
  <testcase name="request_rejects_blank_state" classname="dev.jev.client.JevClientTest" time="0.0"/>
  <testcase name="response_parses_score_answer" classname="dev.jev.client.JevClientTest" time="0.001"/>
</testsuite>