<?xml version="1.0" encoding="UTF-8"?>
<testsuite xmlns:xsi="http://www.w3.org/2001/XMLSchema-instance" xsi:noNamespaceSchemaLocation="https://maven.apache.org/surefire/maven-surefire-plugin/xsd/surefire-test-report-3.0.xsd" version="3.0" name="dev.jev.autoconfigure.JevAutoConfigurationTest" time="0.291" tests="7" errors="0" skipped="0" failures="0">
  <properties>
[...]
</properties>
  <testcase name="custom_thresholds_applied" classname="dev.jev.autoconfigure.JevAutoConfigurationTest" time="0.226">
    <system-err><![CDATA[SLF4J(W): No SLF4J providers were found.
SLF4J(W): Defaulting to no-operation (NOP) logger implementation
SLF4J(W): See https://www.slf4j.org/codes.html#noProviders for further details.
]]></system-err>
  </testcase>
  <testcase name="no_beans_when_api_key_missing" classname="dev.jev.autoconfigure.JevAutoConfigurationTest" time="0.006"/>
  <testcase name="risk_advisor_registered_when_client_present" classname="dev.jev.autoconfigure.JevAutoConfigurationTest" time="0.006"/>
  <testcase name="jev_client_registered_when_api_key_set" classname="dev.jev.autoconfigure.JevAutoConfigurationTest" time="0.006"/>
  <testcase name="user_declared_client_takes_precedence" classname="dev.jev.autoconfigure.JevAutoConfigurationTest" time="0.007"/>
  <testcase name="risk_advisor_absent_when_disabled" classname="dev.jev.autoconfigure.JevAutoConfigurationTest" time="0.006"/>
  <testcase name="all_beans_absent_when_jev_disabled" classname="dev.jev.autoconfigure.JevAutoConfigurationTest" time="0.001"/>
</testsuite>